<?xml version="1.0" encoding="UTF-8"?>
<coverage generated="1651098308604" clover="3.2.0">
  <project timestamp="1651098308604" name="All files">
    <metrics statements="16" coveredstatements="8" conditionals="0" coveredconditionals="0" methods="5" coveredmethods="3" elements="21" coveredelements="11" complexity="0" loc="16" ncloc="16" packages="1" files="1" classes="1"/>
    <file name="minifierCss.js" path="/Users/user/Documents/test/minifier/src/minifier-css/minifierCss.js">
      <metrics statements="16" coveredstatements="8" conditionals="0" coveredconditionals="0" methods="5" coveredmethods="3"/>
      <line num="1" count="1" type="stmt"/>
      <line num="2" count="1" type="stmt"/>
      <line num="5" count="1" type="stmt"/>
      <line num="6" count="1" type="stmt"/>
      <line num="8" count="0" type="stmt"/>
      <line num="9" count="0" type="stmt"/>
      <line num="14" count="1" type="stmt"/>
      <line num="15" count="43" type="stmt"/>
      <line num="19" count="0" type="stmt"/>
      <line num="20" count="0" type="stmt"/>
      <line num="22" count="0" type="stmt"/>
      <line num="26" count="1" type="stmt"/>
      <line num="27" count="0" type="stmt"/>
      <line num="28" count="0" type="stmt"/>
      <line num="29" count="0" type="stmt"/>
      <line num="32" count="1" type="stmt"/>
    </file>
  </project>
</coverage>
